#
# There is insufficient memory for the Java Runtime Environment to continue.
# Native memory allocation (malloc) failed to allocate 85616 bytes for Chunk::new
# Possible reasons:
#   The system is out of physical RAM or swap space
#   The process is running with CompressedOops enabled, and the Java Heap may be blocking the growth of the native heap
# Possible solutions:
#   Reduce memory load on the system
#   Increase physical memory or swap space
#   Check if swap backing store is full
#   Decrease Java heap size (-Xmx/-Xms)
#   Decrease number of Java threads
#   Decrease Java thread stack sizes (-Xss)
#   Set larger code cache with -XX:ReservedCodeCacheSize=
#   JVM is running with Unscaled Compressed Oops mode in which the Java heap is
#     placed in the first 4GB address space. The Java Heap base address is the
#     maximum limit for the native heap growth. Please use -XX:HeapBaseMinAddress
#     to set the Java Heap base and to place the Java Heap above 4GB virtual address.
# This output file may be truncated or incomplete.
#
#  Out of Memory Error (./src/hotspot/share/memory/arena.cpp:197), pid=17888, tid=1380
#
# JRE version: OpenJDK Runtime Environment (11.0.10) (build 11.0.10+0-b96-7249189)
# Java VM: OpenJDK 64-Bit Server VM (11.0.10+0-b96-7249189, mixed mode, tiered, compressed oops, g1 gc, windows-amd64)
# No core dump will be written. Minidumps are not enabled by default on client versions of Windows
#

---------------  S U M M A R Y ------------

Command Line: --add-opens=java.base/java.util=ALL-UNNAMED --add-opens=java.base/java.lang=ALL-UNNAMED --add-opens=java.base/java.lang.invoke=ALL-UNNAMED --add-opens=java.base/java.util=ALL-UNNAMED --add-opens=java.prefs/java.util.prefs=ALL-UNNAMED --add-opens=java.prefs/java.util.prefs=ALL-UNNAMED --add-opens=java.base/java.nio.charset=ALL-UNNAMED --add-opens=java.base/java.net=ALL-UNNAMED --add-opens=java.base/java.util.concurrent.atomic=ALL-UNNAMED -Xmx2048m -Dfile.encoding=UTF-8 -Duser.country=US -Duser.language=en -Duser.variant org.gradle.launcher.daemon.bootstrap.GradleDaemon 7.0.2

Host: AMD Ryzen 5 3500U with Radeon Vega Mobile Gfx  , 8 cores, 9G,  Windows 10 , 64 bit Build 19041 (10.0.19041.1348)
Time: Fri Dec 24 23:46:39 2021 SE Asia Standard Time elapsed time: 28.302598 seconds (0d 0h 0m 28s)

---------------  T H R E A D  ---------------

Current thread (0x0000015fae527000):  JavaThread "C2 CompilerThread1" daemon [_thread_in_native, id=1380, stack(0x0000005d5d000000,0x0000005d5d100000)]


Current CompileTask:
C2:  28302 11131       4       org.objectweb.asm.SymbolTable::addConstant (330 bytes)

Stack: [0x0000005d5d000000,0x0000005d5d100000]
Native frames: (J=compiled Java code, j=interpreted, Vv=VM code, C=native code)
V  [jvm.dll+0x5ecfaa]
V  [jvm.dll+0x722bd5]
V  [jvm.dll+0x72412d]
V  [jvm.dll+0x7247e3]
V  [jvm.dll+0x242928]
V  [jvm.dll+0xbc4fc]
V  [jvm.dll+0xbca0c]
V  [jvm.dll+0x4ea22e]
V  [jvm.dll+0x320b02]
V  [jvm.dll+0x31ffca]
V  [jvm.dll+0x1fb602]
V  [jvm.dll+0x1fa7f4]
V  [jvm.dll+0x18354c]
V  [jvm.dll+0x208ee7]
V  [jvm.dll+0x207731]
V  [jvm.dll+0x6eb1cf]
V  [jvm.dll+0x6e3d45]
V  [jvm.dll+0x5ebe96]
C  [ucrtbase.dll+0x21bb2]
C  [KERNEL32.DLL+0x17034]
C  [ntdll.dll+0x52651]


---------------  P R O C E S S  ---------------

Threads class SMR info:
_java_thread_list=0x0000015fae51a330, length=65, elements={
0x0000015f8cb0a800, 0x0000015fa77c1800, 0x0000015fa77cf000, 0x0000015fa7816000,
0x0000015fa7818000, 0x0000015fa7819000, 0x0000015fa781c800, 0x0000015fa7821000,
0x0000015fa6fad800, 0x0000015fa796f800, 0x0000015fa91aa800, 0x0000015fa7ad1800,
0x0000015fa9d24800, 0x0000015fa8f49800, 0x0000015fa8cbb000, 0x0000015fa927d800,
0x0000015fa8e2b800, 0x0000015fa9cb3800, 0x0000015fa96a2800, 0x0000015fa9b77000,
0x0000015fa9b76000, 0x0000015fa9b7a000, 0x0000015fa9b79000, 0x0000015fa9b77800,
0x0000015fa9b78800, 0x0000015fa9b7b000, 0x0000015fa9b75000, 0x0000015fa9b7b800,
0x0000015fac248000, 0x0000015fac244000, 0x0000015fac249000, 0x0000015fac245800,
0x0000015fac246800, 0x0000015fac243000, 0x0000015fac249800, 0x0000015fac24f800,
0x0000015fac24c000, 0x0000015fac24d000, 0x0000015fac24b800, 0x0000015fac24e000,
0x0000015fac24e800, 0x0000015fac250800, 0x0000015fac24a800, 0x0000015fac251000,
0x0000015fac252000, 0x0000015fadb96800, 0x0000015fadb90800, 0x0000015fadb92800,
0x0000015fadb97000, 0x0000015fadb91800, 0x0000015fadb99000, 0x0000015fadb98000,
0x0000015fadb99800, 0x0000015fadb95800, 0x0000015fadb94000, 0x0000015fadb9a800,
0x0000015fadb94800, 0x0000015fadb9f800, 0x0000015fadb9b800, 0x0000015fadb9c000,
0x0000015fadb9d800, 0x0000015fadb9e800, 0x0000015fb152b800, 0x0000015fb152c800,
0x0000015fae527000
}

Java Threads: ( => current thread )
  0x0000015f8cb0a800 JavaThread "main" [_thread_blocked, id=21964, stack(0x0000005d5aa00000,0x0000005d5ab00000)]
  0x0000015fa77c1800 JavaThread "Reference Handler" daemon [_thread_blocked, id=11708, stack(0x0000005d5b100000,0x0000005d5b200000)]
  0x0000015fa77cf000 JavaThread "Finalizer" daemon [_thread_blocked, id=21740, stack(0x0000005d5b200000,0x0000005d5b300000)]
  0x0000015fa7816000 JavaThread "Signal Dispatcher" daemon [_thread_blocked, id=18512, stack(0x0000005d5b300000,0x0000005d5b400000)]
  0x0000015fa7818000 JavaThread "Attach Listener" daemon [_thread_blocked, id=19724, stack(0x0000005d5b400000,0x0000005d5b500000)]
  0x0000015fa7819000 JavaThread "Service Thread" daemon [_thread_blocked, id=16984, stack(0x0000005d5b500000,0x0000005d5b600000)]
  0x0000015fa781c800 JavaThread "C2 CompilerThread0" daemon [_thread_in_native, id=16720, stack(0x0000005d5b600000,0x0000005d5b700000)]
  0x0000015fa7821000 JavaThread "C1 CompilerThread0" daemon [_thread_blocked, id=19596, stack(0x0000005d5b700000,0x0000005d5b800000)]
  0x0000015fa6fad800 JavaThread "Sweeper thread" daemon [_thread_blocked, id=20236, stack(0x0000005d5b800000,0x0000005d5b900000)]
  0x0000015fa796f800 JavaThread "Common-Cleaner" daemon [_thread_blocked, id=12448, stack(0x0000005d5b900000,0x0000005d5ba00000)]
  0x0000015fa91aa800 JavaThread "Daemon health stats" [_thread_blocked, id=6980, stack(0x0000005d5bf00000,0x0000005d5c000000)]
  0x0000015fa7ad1800 JavaThread "Incoming local TCP Connector on port 50384" [_thread_in_native, id=14144, stack(0x0000005d5bb00000,0x0000005d5bc00000)]
  0x0000015fa9d24800 JavaThread "Daemon periodic checks" [_thread_blocked, id=9712, stack(0x0000005d5bc00000,0x0000005d5bd00000)]
  0x0000015fa8f49800 JavaThread "Daemon" [_thread_blocked, id=8600, stack(0x0000005d5c000000,0x0000005d5c100000)]
  0x0000015fa8cbb000 JavaThread "Handler for socket connection from /127.0.0.1:50384 to /127.0.0.1:50385" [_thread_in_native, id=16628, stack(0x0000005d5c100000,0x0000005d5c200000)]
  0x0000015fa927d800 JavaThread "Cancel handler" [_thread_blocked, id=10120, stack(0x0000005d5c200000,0x0000005d5c300000)]
  0x0000015fa8e2b800 JavaThread "Daemon worker" [_thread_blocked, id=20188, stack(0x0000005d5c300000,0x0000005d5c400000)]
  0x0000015fa9cb3800 JavaThread "Asynchronous log dispatcher for DefaultDaemonConnection: socket connection from /127.0.0.1:50384 to /127.0.0.1:50385" [_thread_blocked, id=6856, stack(0x0000005d5c400000,0x0000005d5c500000)]
  0x0000015fa96a2800 JavaThread "Stdin handler" [_thread_blocked, id=18732, stack(0x0000005d5c500000,0x0000005d5c600000)]
  0x0000015fa9b77000 JavaThread "Daemon client event forwarder" [_thread_blocked, id=21440, stack(0x0000005d5c600000,0x0000005d5c700000)]
  0x0000015fa9b76000 JavaThread "Cache worker for file hash cache (C:\Users\FPTSHOP\.gradle\caches\7.0.2\fileHashes)" [_thread_blocked, id=16108, stack(0x0000005d5c700000,0x0000005d5c800000)]
  0x0000015fa9b7a000 JavaThread "File lock request listener" [_thread_in_native, id=8164, stack(0x0000005d5c800000,0x0000005d5c900000)]
  0x0000015fa9b79000 JavaThread "Cache worker for journal cache (C:\Users\FPTSHOP\.gradle\caches\journal-1)" [_thread_blocked, id=396, stack(0x0000005d5cf00000,0x0000005d5d000000)]
  0x0000015fa9b77800 JavaThread "Cache worker for file hash cache (D:\UEL\20212022\HKI\PhatTrienThuongMaiDiDong\211MI2702_Nhom05\team5\.gradle\7.0.2\fileHashes)" [_thread_blocked, id=12872, stack(0x0000005d5d100000,0x0000005d5d200000)]
  0x0000015fa9b78800 JavaThread "File watcher server" daemon [_thread_in_native, id=18412, stack(0x0000005d5d200000,0x0000005d5d300000)]
  0x0000015fa9b7b000 JavaThread "File watcher consumer" daemon [_thread_blocked, id=21212, stack(0x0000005d5d300000,0x0000005d5d400000)]
  0x0000015fa9b75000 JavaThread "Cache worker for checksums cache (D:\UEL\20212022\HKI\PhatTrienThuongMaiDiDong\211MI2702_Nhom05\team5\.gradle\checksums)" [_thread_blocked, id=10916, stack(0x0000005d5d400000,0x0000005d5d500000)]
  0x0000015fa9b7b800 JavaThread "Cache worker for cache directory md-supplier (C:\Users\FPTSHOP\.gradle\caches\7.0.2\md-supplier)" [_thread_blocked, id=17704, stack(0x0000005d5d500000,0x0000005d5d600000)]
  0x0000015fac248000 JavaThread "Cache worker for cache directory md-rule (C:\Users\FPTSHOP\.gradle\caches\7.0.2\md-rule)" [_thread_blocked, id=10696, stack(0x0000005d5d600000,0x0000005d5d700000)]
  0x0000015fac244000 JavaThread "Cache worker for execution history cache (C:\Users\FPTSHOP\.gradle\caches\7.0.2\executionHistory)" [_thread_blocked, id=22112, stack(0x0000005d5d700000,0x0000005d5d800000)]
  0x0000015fac249000 JavaThread "jar transforms" [_thread_blocked, id=22372, stack(0x0000005d5d900000,0x0000005d5da00000)]
  0x0000015fac245800 JavaThread "jar transforms Thread 2" [_thread_blocked, id=18128, stack(0x0000005d5da00000,0x0000005d5db00000)]
  0x0000015fac246800 JavaThread "Cache worker for file content cache (C:\Users\FPTSHOP\.gradle\caches\7.0.2\fileContent)" [_thread_blocked, id=21992, stack(0x0000005d5db00000,0x0000005d5dc00000)]
  0x0000015fac243000 JavaThread "Cache worker for dependencies-accessors (D:\UEL\20212022\HKI\PhatTrienThuongMaiDiDong\211MI2702_Nhom05\team5\.gradle\7.0.2\dependencies-accessors)" [_thread_blocked, id=6416, stack(0x0000005d5dc00000,0x0000005d5dd00000)]
  0x0000015fac249800 JavaThread "jar transforms Thread 3" [_thread_blocked, id=15008, stack(0x0000005d5dd00000,0x0000005d5de00000)]
  0x0000015fac24f800 JavaThread "Cache worker for Build Output Cleanup Cache (D:\UEL\20212022\HKI\PhatTrienThuongMaiDiDong\211MI2702_Nhom05\team5\.gradle\buildOutputCleanup)" [_thread_blocked, id=18400, stack(0x0000005d5de00000,0x0000005d5df00000)]
  0x0000015fac24c000 JavaThread "Build operations" [_thread_blocked, id=17676, stack(0x0000005d5df00000,0x0000005d5e000000)]
  0x0000015fac24d000 JavaThread "Build operations Thread 2" [_thread_blocked, id=14308, stack(0x0000005d5e000000,0x0000005d5e100000)]
  0x0000015fac24b800 JavaThread "Build operations Thread 3" [_thread_blocked, id=18908, stack(0x0000005d5e100000,0x0000005d5e200000)]
  0x0000015fac24e000 JavaThread "Build operations Thread 4" [_thread_blocked, id=14588, stack(0x0000005d5e200000,0x0000005d5e300000)]
  0x0000015fac24e800 JavaThread "Build operations Thread 5" [_thread_blocked, id=22420, stack(0x0000005d5e300000,0x0000005d5e400000)]
  0x0000015fac250800 JavaThread "Build operations Thread 6" [_thread_blocked, id=19904, stack(0x0000005d5e400000,0x0000005d5e500000)]
  0x0000015fac24a800 JavaThread "Build operations Thread 7" [_thread_blocked, id=16016, stack(0x0000005d5e500000,0x0000005d5e600000)]
  0x0000015fac251000 JavaThread "Build operations Thread 8" [_thread_blocked, id=10280, stack(0x0000005d5e600000,0x0000005d5e700000)]
  0x0000015fac252000 JavaThread "jar transforms Thread 4" [_thread_blocked, id=18792, stack(0x0000005d5e700000,0x0000005d5e800000)]
  0x0000015fadb96800 JavaThread "jar transforms Thread 5" [_thread_blocked, id=20840, stack(0x0000005d5e800000,0x0000005d5e900000)]
  0x0000015fadb90800 JavaThread "jar transforms Thread 6" [_thread_blocked, id=15644, stack(0x0000005d5e900000,0x0000005d5ea00000)]
  0x0000015fadb92800 JavaThread "jar transforms Thread 7" [_thread_blocked, id=20764, stack(0x0000005d5ea00000,0x0000005d5eb00000)]
  0x0000015fadb97000 JavaThread "jar transforms Thread 8" [_thread_blocked, id=11304, stack(0x0000005d5eb00000,0x0000005d5ec00000)]
  0x0000015fadb91800 JavaThread "Memory manager" [_thread_blocked, id=21804, stack(0x0000005d5d800000,0x0000005d5d900000)]
  0x0000015fadb99000 JavaThread "build event listener" [_thread_blocked, id=9868, stack(0x0000005d5ec00000,0x0000005d5ed00000)]
  0x0000015fadb98000 JavaThread "Execution worker for ':'" [_thread_blocked, id=14948, stack(0x0000005d5ed00000,0x0000005d5ee00000)]
  0x0000015fadb99800 JavaThread "Execution worker for ':' Thread 2" [_thread_blocked, id=18156, stack(0x0000005d5ee00000,0x0000005d5ef00000)]
  0x0000015fadb95800 JavaThread "Execution worker for ':' Thread 3" [_thread_blocked, id=2204, stack(0x0000005d5ef00000,0x0000005d5f000000)]
  0x0000015fadb94000 JavaThread "Execution worker for ':' Thread 4" [_thread_blocked, id=18888, stack(0x0000005d5f000000,0x0000005d5f100000)]
  0x0000015fadb9a800 JavaThread "Execution worker for ':' Thread 5" [_thread_in_native, id=13820, stack(0x0000005d5f100000,0x0000005d5f200000)]
  0x0000015fadb94800 JavaThread "Execution worker for ':' Thread 6" [_thread_blocked, id=8648, stack(0x0000005d5f200000,0x0000005d5f300000)]
  0x0000015fadb9f800 JavaThread "Execution worker for ':' Thread 7" [_thread_blocked, id=17436, stack(0x0000005d5f300000,0x0000005d5f400000)]
  0x0000015fadb9b800 JavaThread "Cache worker for execution history cache (D:\UEL\20212022\HKI\PhatTrienThuongMaiDiDong\211MI2702_Nhom05\team5\.gradle\7.0.2\executionHistory)" [_thread_blocked, id=12464, stack(0x0000005d5f400000,0x0000005d5f500000)]
  0x0000015fadb9c000 JavaThread "WorkerExecutor Queue" [_thread_blocked, id=13340, stack(0x0000005d5f500000,0x0000005d5f600000)]
  0x0000015fadb9d800 JavaThread "WorkerExecutor Queue Thread 3" [_thread_blocked, id=16044, stack(0x0000005d5f700000,0x0000005d5f800000)]
  0x0000015fadb9e800 JavaThread "pool-3-thread-1" [_thread_blocked, id=17336, stack(0x0000005d5f800000,0x0000005d5f900000)]
  0x0000015fb152b800 JavaThread "stderr" [_thread_in_native, id=18856, stack(0x0000005d5f900000,0x0000005d5fa00000)]
  0x0000015fb152c800 JavaThread "stdout" [_thread_in_native, id=9072, stack(0x0000005d5fa00000,0x0000005d5fb00000)]
=>0x0000015fae527000 JavaThread "C2 CompilerThread1" daemon [_thread_in_native, id=1380, stack(0x0000005d5d000000,0x0000005d5d100000)]

Other Threads:
  0x0000015fa6f98000 VMThread "VM Thread" [stack: 0x0000005d5b000000,0x0000005d5b100000] [id=21924]
  0x0000015fa799e800 WatcherThread [stack: 0x0000005d5ba00000,0x0000005d5bb00000] [id=17444]
  0x0000015f8cb24800 GCTaskThread "GC Thread#0" [stack: 0x0000005d5ab00000,0x0000005d5ac00000] [id=20304]
  0x0000015fa87d4000 GCTaskThread "GC Thread#1" [stack: 0x0000005d5bd00000,0x0000005d5be00000] [id=19984]
  0x0000015fa819e800 GCTaskThread "GC Thread#2" [stack: 0x0000005d5be00000,0x0000005d5bf00000] [id=11996]
  0x0000015fa9250800 GCTaskThread "GC Thread#3" [stack: 0x0000005d5c900000,0x0000005d5ca00000] [id=21588]
  0x0000015fa97c2800 GCTaskThread "GC Thread#4" [stack: 0x0000005d5ca00000,0x0000005d5cb00000] [id=3592]
  0x0000015fa8c17800 GCTaskThread "GC Thread#5" [stack: 0x0000005d5cb00000,0x0000005d5cc00000] [id=17120]
  0x0000015fa93ad000 GCTaskThread "GC Thread#6" [stack: 0x0000005d5cc00000,0x0000005d5cd00000] [id=22288]
  0x0000015fa93ae000 GCTaskThread "GC Thread#7" [stack: 0x0000005d5cd00000,0x0000005d5ce00000] [id=20500]
  0x0000015f8cb54000 ConcurrentGCThread "G1 Main Marker" [stack: 0x0000005d5ac00000,0x0000005d5ad00000] [id=10036]
  0x0000015f8cb55800 ConcurrentGCThread "G1 Conc#0" [stack: 0x0000005d5ad00000,0x0000005d5ae00000] [id=4652]
  0x0000015fa8973000 ConcurrentGCThread "G1 Conc#1" [stack: 0x0000005d5ce00000,0x0000005d5cf00000] [id=10936]
  0x0000015fa6de6800 ConcurrentGCThread "G1 Refine#0" [stack: 0x0000005d5ae00000,0x0000005d5af00000] [id=20108]
  0x0000015fa6de7800 ConcurrentGCThread "G1 Young RemSet Sampling" [stack: 0x0000005d5af00000,0x0000005d5b000000] [id=7296]

Threads with active compile tasks:
C2 CompilerThread0  28373 11186       4       org.objectweb.asm.ClassReader::readField (667 bytes)
C2 CompilerThread1  28373 11131       4       org.objectweb.asm.SymbolTable::addConstant (330 bytes)

VM state:not at safepoint (normal execution)

VM Mutex/Monitor currently owned by a thread: None

Heap address: 0x0000000080000000, size: 2048 MB, Compressed Oops mode: 32-bit
Narrow klass base: 0x0000000000000000, Narrow klass shift: 3
Compressed class space size: 1073741824 Address: 0x0000000100000000

Heap:
 garbage-first heap   total 163840K, used 92530K [0x0000000080000000, 0x0000000100000000)
  region size 1024K, 18 young (18432K), 4 survivors (4096K)
 Metaspace       used 88730K, capacity 90916K, committed 91084K, reserved 1128448K
  class space    used 11348K, capacity 12144K, committed 12236K, reserved 1048576K
Heap Regions: E=young(eden), S=young(survivor), O=old, HS=humongous(starts), HC=humongous(continues), CS=collection set, F=free, A=archive, TAMS=top-at-mark-start (previous, next)
|   0|0x0000000080000000, 0x0000000080100000, 0x0000000080100000|100%| O|  |TAMS 0x0000000080100000, 0x0000000080000000| Updating 
|   1|0x0000000080100000, 0x0000000080200000, 0x0000000080200000|100%| O|  |TAMS 0x0000000080200000, 0x0000000080100000| Updating 
|   2|0x0000000080200000, 0x0000000080300000, 0x0000000080300000|100%| O|  |TAMS 0x0000000080300000, 0x0000000080200000| Updating 
|   3|0x0000000080300000, 0x0000000080400000, 0x0000000080400000|100%|HS|  |TAMS 0x0000000080400000, 0x0000000080300000| Complete 
|   4|0x0000000080400000, 0x0000000080500000, 0x0000000080500000|100%|HC|  |TAMS 0x0000000080500000, 0x0000000080400000| Complete 
|   5|0x0000000080500000, 0x0000000080600000, 0x0000000080600000|100%|HC|  |TAMS 0x0000000080600000, 0x0000000080500000| Complete 
|   6|0x0000000080600000, 0x0000000080700000, 0x0000000080700000|100%| O|  |TAMS 0x0000000080700000, 0x0000000080600000| Updating 
|   7|0x0000000080700000, 0x0000000080800000, 0x0000000080800000|100%| O|  |TAMS 0x0000000080800000, 0x0000000080700000| Updating 
|   8|0x0000000080800000, 0x0000000080900000, 0x0000000080900000|100%| O|  |TAMS 0x0000000080900000, 0x0000000080800000| Updating 
|   9|0x0000000080900000, 0x0000000080a00000, 0x0000000080a00000|100%| O|  |TAMS 0x0000000080a00000, 0x0000000080900000| Updating 
|  10|0x0000000080a00000, 0x0000000080b00000, 0x0000000080b00000|100%| O|  |TAMS 0x0000000080b00000, 0x0000000080a00000| Updating 
|  11|0x0000000080b00000, 0x0000000080c00000, 0x0000000080c00000|100%| O|  |TAMS 0x0000000080c00000, 0x0000000080b00000| Updating 
|  12|0x0000000080c00000, 0x0000000080d00000, 0x0000000080d00000|100%| O|  |TAMS 0x0000000080d00000, 0x0000000080c00000| Updating 
|  13|0x0000000080d00000, 0x0000000080e00000, 0x0000000080e00000|100%| O|  |TAMS 0x0000000080e00000, 0x0000000080d00000| Updating 
|  14|0x0000000080e00000, 0x0000000080f00000, 0x0000000080f00000|100%| O|  |TAMS 0x0000000080f00000, 0x0000000080e00000| Updating 
|  15|0x0000000080f00000, 0x0000000081000000, 0x0000000081000000|100%| O|  |TAMS 0x0000000081000000, 0x0000000080f00000| Updating 
|  16|0x0000000081000000, 0x0000000081100000, 0x0000000081100000|100%|HS|  |TAMS 0x0000000081100000, 0x0000000081000000| Complete 
|  17|0x0000000081100000, 0x0000000081200000, 0x0000000081200000|100%| O|  |TAMS 0x0000000081200000, 0x0000000081100000| Updating 
|  18|0x0000000081200000, 0x0000000081300000, 0x0000000081300000|100%| O|  |TAMS 0x0000000081300000, 0x0000000081200000| Updating 
|  19|0x0000000081300000, 0x0000000081400000, 0x0000000081400000|100%| O|  |TAMS 0x0000000081400000, 0x0000000081300000| Updating 
|  20|0x0000000081400000, 0x0000000081500000, 0x0000000081500000|100%| O|  |TAMS 0x0000000081500000, 0x0000000081400000| Updating 
|  21|0x0000000081500000, 0x0000000081600000, 0x0000000081600000|100%| O|  |TAMS 0x0000000081600000, 0x0000000081500000| Updating 
|  22|0x0000000081600000, 0x0000000081700000, 0x0000000081700000|100%| O|  |TAMS 0x0000000081700000, 0x0000000081600000| Updating 
|  23|0x0000000081700000, 0x0000000081800000, 0x0000000081800000|100%|HS|  |TAMS 0x0000000081800000, 0x0000000081700000| Complete 
|  24|0x0000000081800000, 0x0000000081900000, 0x0000000081900000|100%|HS|  |TAMS 0x0000000081900000, 0x0000000081800000| Complete 
|  25|0x0000000081900000, 0x0000000081a00000, 0x0000000081a00000|100%|HC|  |TAMS 0x0000000081a00000, 0x0000000081900000| Complete 
|  26|0x0000000081a00000, 0x0000000081b00000, 0x0000000081b00000|100%| O|  |TAMS 0x0000000081b00000, 0x0000000081a00000| Updating 
|  27|0x0000000081b00000, 0x0000000081c00000, 0x0000000081c00000|100%| O|  |TAMS 0x0000000081c00000, 0x0000000081b00000| Updating 
|  28|0x0000000081c00000, 0x0000000081d00000, 0x0000000081d00000|100%| O|  |TAMS 0x0000000081d00000, 0x0000000081c00000| Updating 
|  29|0x0000000081d00000, 0x0000000081e00000, 0x0000000081e00000|100%| O|  |TAMS 0x0000000081e00000, 0x0000000081d00000| Updating 
|  30|0x0000000081e00000, 0x0000000081f00000, 0x0000000081f00000|100%| O|  |TAMS 0x0000000081f00000, 0x0000000081e00000| Updating 
|  31|0x0000000081f00000, 0x0000000082000000, 0x0000000082000000|100%| O|  |TAMS 0x0000000082000000, 0x0000000081f00000| Updating 
|  32|0x0000000082000000, 0x0000000082100000, 0x0000000082100000|100%| O|  |TAMS 0x0000000082100000, 0x0000000082000000| Updating 
|  33|0x0000000082100000, 0x0000000082200000, 0x0000000082200000|100%| O|  |TAMS 0x0000000082200000, 0x0000000082100000| Updating 
|  34|0x0000000082200000, 0x0000000082300000, 0x0000000082300000|100%| O|  |TAMS 0x0000000082300000, 0x0000000082200000| Updating 
|  35|0x0000000082300000, 0x0000000082400000, 0x0000000082400000|100%| O|  |TAMS 0x0000000082400000, 0x0000000082300000| Updating 
|  36|0x0000000082400000, 0x0000000082500000, 0x0000000082500000|100%| O|  |TAMS 0x0000000082500000, 0x0000000082400000| Updating 
|  37|0x0000000082500000, 0x0000000082600000, 0x0000000082600000|100%| O|  |TAMS 0x0000000082600000, 0x0000000082500000| Updating 
|  38|0x0000000082600000, 0x0000000082700000, 0x0000000082700000|100%| O|  |TAMS 0x0000000082700000, 0x0000000082600000| Updating 
|  39|0x0000000082700000, 0x0000000082800000, 0x0000000082800000|100%| O|  |TAMS 0x0000000082800000, 0x0000000082700000| Updating 
|  40|0x0000000082800000, 0x0000000082900000, 0x0000000082900000|100%| O|  |TAMS 0x0000000082900000, 0x0000000082800000| Updating 
|  41|0x0000000082900000, 0x0000000082a00000, 0x0000000082a00000|100%| O|  |TAMS 0x0000000082a00000, 0x0000000082900000| Updating 
|  42|0x0000000082a00000, 0x0000000082b00000, 0x0000000082b00000|100%| O|  |TAMS 0x0000000082b00000, 0x0000000082a00000| Updating 
|  43|0x0000000082b00000, 0x0000000082c00000, 0x0000000082c00000|100%| O|  |TAMS 0x0000000082c00000, 0x0000000082b00000| Updating 
|  44|0x0000000082c00000, 0x0000000082d00000, 0x0000000082d00000|100%| O|  |TAMS 0x0000000082d00000, 0x0000000082c00000| Updating 
|  45|0x0000000082d00000, 0x0000000082e00000, 0x0000000082e00000|100%| O|  |TAMS 0x0000000082e00000, 0x0000000082d00000| Updating 
|  46|0x0000000082e00000, 0x0000000082f00000, 0x0000000082f00000|100%| O|  |TAMS 0x0000000082f00000, 0x0000000082e00000| Updating 
|  47|0x0000000082f00000, 0x0000000083000000, 0x0000000083000000|100%| O|  |TAMS 0x0000000083000000, 0x0000000082f00000| Updating 
|  48|0x0000000083000000, 0x0000000083100000, 0x0000000083100000|100%| O|  |TAMS 0x0000000083100000, 0x0000000083000000| Updating 
|  49|0x0000000083100000, 0x0000000083200000, 0x0000000083200000|100%| O|  |TAMS 0x0000000083200000, 0x0000000083100000| Updating 
|  50|0x0000000083200000, 0x0000000083300000, 0x0000000083300000|100%| O|  |TAMS 0x0000000083300000, 0x0000000083200000| Updating 
|  51|0x0000000083300000, 0x0000000083400000, 0x0000000083400000|100%| O|  |TAMS 0x0000000083400000, 0x0000000083300000| Updating 
|  52|0x0000000083400000, 0x0000000083500000, 0x0000000083500000|100%| O|  |TAMS 0x0000000083500000, 0x0000000083400000| Updating 
|  53|0x0000000083500000, 0x0000000083500000, 0x0000000083600000|  0%| F|  |TAMS 0x0000000083500000, 0x0000000083500000| Untracked 
|  54|0x0000000083600000, 0x0000000083700000, 0x0000000083700000|100%| O|  |TAMS 0x0000000083700000, 0x0000000083600000| Updating 
|  55|0x0000000083700000, 0x0000000083800000, 0x0000000083800000|100%| O|  |TAMS 0x0000000083800000, 0x0000000083700000| Updating 
|  56|0x0000000083800000, 0x0000000083900000, 0x0000000083900000|100%| O|  |TAMS 0x0000000083900000, 0x0000000083800000| Updating 
|  57|0x0000000083900000, 0x0000000083a00000, 0x0000000083a00000|100%| O|  |TAMS 0x0000000083a00000, 0x0000000083900000| Updating 
|  58|0x0000000083a00000, 0x0000000083b00000, 0x0000000083b00000|100%| O|  |TAMS 0x0000000083b00000, 0x0000000083a00000| Updating 
|  59|0x0000000083b00000, 0x0000000083c00000, 0x0000000083c00000|100%| O|  |TAMS 0x0000000083c00000, 0x0000000083b00000| Updating 
|  60|0x0000000083c00000, 0x0000000083d00000, 0x0000000083d00000|100%| O|  |TAMS 0x0000000083d00000, 0x0000000083c00000| Updating 
|  61|0x0000000083d00000, 0x0000000083e00000, 0x0000000083e00000|100%| O|  |TAMS 0x0000000083e00000, 0x0000000083d00000| Updating 
|  62|0x0000000083e00000, 0x0000000083f00000, 0x0000000083f00000|100%| O|  |TAMS 0x0000000083f00000, 0x0000000083e00000| Updating 
|  63|0x0000000083f00000, 0x0000000084000000, 0x0000000084000000|100%| O|  |TAMS 0x0000000084000000, 0x0000000083f00000| Updating 
|  64|0x0000000084000000, 0x0000000084100000, 0x0000000084100000|100%| O|  |TAMS 0x0000000084100000, 0x0000000084000000| Updating 
|  65|0x0000000084100000, 0x0000000084200000, 0x0000000084200000|100%| O|  |TAMS 0x0000000084200000, 0x0000000084100000| Updating 
|  66|0x0000000084200000, 0x0000000084300000, 0x0000000084300000|100%| O|  |TAMS 0x0000000084300000, 0x0000000084200000| Updating 
|  67|0x0000000084300000, 0x000000008432dc00, 0x0000000084400000| 17%| O|  |TAMS 0x000000008432dc00, 0x0000000084300000| Updating 
|  68|0x0000000084400000, 0x0000000084400000, 0x0000000084500000|  0%| F|  |TAMS 0x0000000084400000, 0x0000000084400000| Untracked 
|  69|0x0000000084500000, 0x0000000084500000, 0x0000000084600000|  0%| F|  |TAMS 0x0000000084500000, 0x0000000084500000| Untracked 
|  70|0x0000000084600000, 0x0000000084700000, 0x0000000084700000|100%| O|  |TAMS 0x0000000084700000, 0x0000000084600000| Updating 
|  71|0x0000000084700000, 0x0000000084800000, 0x0000000084800000|100%| O|  |TAMS 0x0000000084800000, 0x0000000084700000| Updating 
|  72|0x0000000084800000, 0x0000000084900000, 0x0000000084900000|100%| O|  |TAMS 0x0000000084900000, 0x0000000084800000| Updating 
|  73|0x0000000084900000, 0x0000000084a00000, 0x0000000084a00000|100%| O|  |TAMS 0x0000000084a00000, 0x0000000084900000| Updating 
|  74|0x0000000084a00000, 0x0000000084b00000, 0x0000000084b00000|100%| O|  |TAMS 0x0000000084b00000, 0x0000000084a00000| Updating 
|  75|0x0000000084b00000, 0x0000000084c00000, 0x0000000084c00000|100%| O|  |TAMS 0x0000000084c00000, 0x0000000084b00000| Updating 
|  76|0x0000000084c00000, 0x0000000084d00000, 0x0000000084d00000|100%| O|  |TAMS 0x0000000084d00000, 0x0000000084c00000| Updating 
|  77|0x0000000084d00000, 0x0000000084e00000, 0x0000000084e00000|100%| O|  |TAMS 0x0000000084e00000, 0x0000000084d00000| Updating 
|  78|0x0000000084e00000, 0x0000000084e00000, 0x0000000084f00000|  0%| F|  |TAMS 0x0000000084e00000, 0x0000000084e00000| Untracked 
|  79|0x0000000084f00000, 0x0000000084f00000, 0x0000000085000000|  0%| F|  |TAMS 0x0000000084f00000, 0x0000000084f00000| Untracked 
|  80|0x0000000085000000, 0x0000000085000000, 0x0000000085100000|  0%| F|  |TAMS 0x0000000085000000, 0x0000000085000000| Untracked 
|  81|0x0000000085100000, 0x0000000085100000, 0x0000000085200000|  0%| F|  |TAMS 0x0000000085100000, 0x0000000085100000| Untracked 
|  82|0x0000000085200000, 0x0000000085200000, 0x0000000085300000|  0%| F|  |TAMS 0x0000000085200000, 0x0000000085200000| Untracked 
|  83|0x0000000085300000, 0x0000000085300000, 0x0000000085400000|  0%| F|  |TAMS 0x0000000085300000, 0x0000000085300000| Untracked 
|  84|0x0000000085400000, 0x0000000085400000, 0x0000000085500000|  0%| F|  |TAMS 0x0000000085400000, 0x0000000085400000| Untracked 
|  85|0x0000000085500000, 0x0000000085500000, 0x0000000085600000|  0%| F|  |TAMS 0x0000000085500000, 0x0000000085500000| Untracked 
|  86|0x0000000085600000, 0x0000000085600000, 0x0000000085700000|  0%| F|  |TAMS 0x0000000085600000, 0x0000000085600000| Untracked 
|  87|0x0000000085700000, 0x0000000085800000, 0x0000000085800000|100%| O|  |TAMS 0x0000000085800000, 0x0000000085700000| Updating 
|  88|0x0000000085800000, 0x0000000085800000, 0x0000000085900000|  0%| F|  |TAMS 0x0000000085800000, 0x0000000085800000| Untracked 
|  89|0x0000000085900000, 0x0000000085900000, 0x0000000085a00000|  0%| F|  |TAMS 0x0000000085900000, 0x0000000085900000| Untracked 
|  90|0x0000000085a00000, 0x0000000085a00000, 0x0000000085b00000|  0%| F|  |TAMS 0x0000000085a00000, 0x0000000085a00000| Untracked 
|  91|0x0000000085b00000, 0x0000000085b00000, 0x0000000085c00000|  0%| F|  |TAMS 0x0000000085b00000, 0x0000000085b00000| Untracked 
|  92|0x0000000085c00000, 0x0000000085c00000, 0x0000000085d00000|  0%| F|  |TAMS 0x0000000085c00000, 0x0000000085c00000| Untracked 
|  93|0x0000000085d00000, 0x0000000085d00000, 0x0000000085e00000|  0%| F|  |TAMS 0x0000000085d00000, 0x0000000085d00000| Untracked 
|  94|0x0000000085e00000, 0x0000000085e00000, 0x0000000085f00000|  0%| F|  |TAMS 0x0000000085e00000, 0x0000000085e00000| Untracked 
|  95|0x0000000085f00000, 0x0000000085f00000, 0x0000000086000000|  0%| F|  |TAMS 0x0000000085f00000, 0x0000000085f00000| Untracked 
|  96|0x0000000086000000, 0x0000000086000000, 0x0000000086100000|  0%| F|  |TAMS 0x0000000086000000, 0x0000000086000000| Untracked 
|  97|0x0000000086100000, 0x0000000086100000, 0x0000000086200000|  0%| F|  |TAMS 0x0000000086100000, 0x0000000086100000| Untracked 
|  98|0x0000000086200000, 0x0000000086200000, 0x0000000086300000|  0%| F|  |TAMS 0x0000000086200000, 0x0000000086200000| Untracked 
|  99|0x0000000086300000, 0x0000000086300000, 0x0000000086400000|  0%| F|  |TAMS 0x0000000086300000, 0x0000000086300000| Untracked 
| 100|0x0000000086400000, 0x0000000086400000, 0x0000000086500000|  0%| F|  |TAMS 0x0000000086400000, 0x0000000086400000| Untracked 
| 101|0x0000000086500000, 0x0000000086500000, 0x0000000086600000|  0%| F|  |TAMS 0x0000000086500000, 0x0000000086500000| Untracked 
| 102|0x0000000086600000, 0x0000000086600000, 0x0000000086700000|  0%| F|  |TAMS 0x0000000086600000, 0x0000000086600000| Untracked 
| 103|0x0000000086700000, 0x0000000086700000, 0x0000000086800000|  0%| F|  |TAMS 0x0000000086700000, 0x0000000086700000| Untracked 
| 104|0x0000000086800000, 0x0000000086800000, 0x0000000086900000|  0%| F|  |TAMS 0x0000000086800000, 0x0000000086800000| Untracked 
| 105|0x0000000086900000, 0x0000000086900000, 0x0000000086a00000|  0%| F|  |TAMS 0x0000000086900000, 0x0000000086900000| Untracked 
| 106|0x0000000086a00000, 0x0000000086a00000, 0x0000000086b00000|  0%| F|  |TAMS 0x0000000086a00000, 0x0000000086a00000| Untracked 
| 107|0x0000000086b00000, 0x0000000086b2ef50, 0x0000000086c00000| 18%| S|CS|TAMS 0x0000000086b00000, 0x0000000086b00000| Complete 
| 108|0x0000000086c00000, 0x0000000086d00000, 0x0000000086d00000|100%| S|CS|TAMS 0x0000000086c00000, 0x0000000086c00000| Complete 
| 109|0x0000000086d00000, 0x0000000086e00000, 0x0000000086e00000|100%| S|CS|TAMS 0x0000000086d00000, 0x0000000086d00000| Complete 
| 110|0x0000000086e00000, 0x0000000086f00000, 0x0000000086f00000|100%| S|CS|TAMS 0x0000000086e00000, 0x0000000086e00000| Complete 
| 111|0x0000000086f00000, 0x0000000086f00000, 0x0000000087000000|  0%| F|  |TAMS 0x0000000086f00000, 0x0000000086f00000| Untracked 
| 112|0x0000000087000000, 0x0000000087000000, 0x0000000087100000|  0%| F|  |TAMS 0x0000000087000000, 0x0000000087000000| Untracked 
| 113|0x0000000087100000, 0x0000000087100000, 0x0000000087200000|  0%| F|  |TAMS 0x0000000087100000, 0x0000000087100000| Untracked 
| 114|0x0000000087200000, 0x0000000087200000, 0x0000000087300000|  0%| F|  |TAMS 0x0000000087200000, 0x0000000087200000| Untracked 
| 115|0x0000000087300000, 0x0000000087300000, 0x0000000087400000|  0%| F|  |TAMS 0x0000000087300000, 0x0000000087300000| Untracked 
| 116|0x0000000087400000, 0x0000000087400000, 0x0000000087500000|  0%| F|  |TAMS 0x0000000087400000, 0x0000000087400000| Untracked 
| 117|0x0000000087500000, 0x0000000087500000, 0x0000000087600000|  0%| F|  |TAMS 0x0000000087500000, 0x0000000087500000| Untracked 
| 118|0x0000000087600000, 0x0000000087600000, 0x0000000087700000|  0%| F|  |TAMS 0x0000000087600000, 0x0000000087600000| Untracked 
| 119|0x0000000087700000, 0x0000000087700000, 0x0000000087800000|  0%| F|  |TAMS 0x0000000087700000, 0x0000000087700000| Untracked 
| 120|0x0000000087800000, 0x0000000087800000, 0x0000000087900000|  0%| F|  |TAMS 0x0000000087800000, 0x0000000087800000| Untracked 
| 121|0x0000000087900000, 0x0000000087900000, 0x0000000087a00000|  0%| F|  |TAMS 0x0000000087900000, 0x0000000087900000| Untracked 
| 122|0x0000000087a00000, 0x0000000087a00000, 0x0000000087b00000|  0%| F|  |TAMS 0x0000000087a00000, 0x0000000087a00000| Untracked 
| 123|0x0000000087b00000, 0x0000000087b00000, 0x0000000087c00000|  0%| F|  |TAMS 0x0000000087b00000, 0x0000000087b00000| Untracked 
| 124|0x0000000087c00000, 0x0000000087c00000, 0x0000000087d00000|  0%| F|  |TAMS 0x0000000087c00000, 0x0000000087c00000| Untracked 
| 125|0x0000000087d00000, 0x0000000087d00000, 0x0000000087e00000|  0%| F|  |TAMS 0x0000000087d00000, 0x0000000087d00000| Untracked 
| 126|0x0000000087e00000, 0x0000000087e00000, 0x0000000087f00000|  0%| F|  |TAMS 0x0000000087e00000, 0x0000000087e00000| Untracked 
| 127|0x0000000087f00000, 0x0000000087f00000, 0x0000000088000000|  0%| F|  |TAMS 0x0000000087f00000, 0x0000000087f00000| Untracked 
| 128|0x0000000088000000, 0x0000000088000000, 0x0000000088100000|  0%| F|  |TAMS 0x0000000088000000, 0x0000000088000000| Untracked 
| 129|0x0000000088100000, 0x0000000088100000, 0x0000000088200000|  0%| F|  |TAMS 0x0000000088100000, 0x0000000088100000| Untracked 
| 130|0x0000000088200000, 0x0000000088200000, 0x0000000088300000|  0%| F|  |TAMS 0x0000000088200000, 0x0000000088200000| Untracked 
| 131|0x0000000088300000, 0x0000000088300000, 0x0000000088400000|  0%| F|  |TAMS 0x0000000088300000, 0x0000000088300000| Untracked 
| 132|0x0000000088400000, 0x0000000088400000, 0x0000000088500000|  0%| F|  |TAMS 0x0000000088400000, 0x0000000088400000| Untracked 
| 133|0x0000000088500000, 0x0000000088500000, 0x0000000088600000|  0%| F|  |TAMS 0x0000000088500000, 0x0000000088500000| Untracked 
| 134|0x0000000088600000, 0x0000000088600000, 0x0000000088700000|  0%| F|  |TAMS 0x0000000088600000, 0x0000000088600000| Untracked 
| 135|0x0000000088700000, 0x0000000088700000, 0x0000000088800000|  0%| F|  |TAMS 0x0000000088700000, 0x0000000088700000| Untracked 
| 136|0x0000000088800000, 0x0000000088800000, 0x0000000088900000|  0%| F|  |TAMS 0x0000000088800000, 0x0000000088800000| Untracked 
| 137|0x0000000088900000, 0x0000000088900000, 0x0000000088a00000|  0%| F|  |TAMS 0x0000000088900000, 0x0000000088900000| Untracked 
| 138|0x0000000088a00000, 0x0000000088a00000, 0x0000000088b00000|  0%| F|  |TAMS 0x0000000088a00000, 0x0000000088a00000| Untracked 
| 139|0x0000000088b00000, 0x0000000088b00000, 0x0000000088c00000|  0%| F|  |TAMS 0x0000000088b00000, 0x0000000088b00000| Untracked 
| 140|0x0000000088c00000, 0x0000000088c00000, 0x0000000088d00000|  0%| F|  |TAMS 0x0000000088c00000, 0x0000000088c00000| Untracked 
| 141|0x0000000088d00000, 0x0000000088d00000, 0x0000000088e00000|  0%| F|  |TAMS 0x0000000088d00000, 0x0000000088d00000| Untracked 
| 142|0x0000000088e00000, 0x0000000088e00000, 0x0000000088f00000|  0%| F|  |TAMS 0x0000000088e00000, 0x0000000088e00000| Untracked 
| 143|0x0000000088f00000, 0x0000000088f00000, 0x0000000089000000|  0%| F|  |TAMS 0x0000000088f00000, 0x0000000088f00000| Untracked 
| 144|0x0000000089000000, 0x0000000089000000, 0x0000000089100000|  0%| F|  |TAMS 0x0000000089000000, 0x0000000089000000| Untracked 
| 145|0x0000000089100000, 0x0000000089100000, 0x0000000089200000|  0%| F|  |TAMS 0x0000000089100000, 0x0000000089100000| Untracked 
| 146|0x0000000089200000, 0x00000000892fa448, 0x0000000089300000| 97%| E|  |TAMS 0x0000000089200000, 0x0000000089200000| Complete 
| 147|0x0000000089300000, 0x0000000089400000, 0x0000000089400000|100%| E|  |TAMS 0x0000000089300000, 0x0000000089300000| Complete 
| 148|0x0000000089400000, 0x0000000089500000, 0x0000000089500000|100%| E|CS|TAMS 0x0000000089400000, 0x0000000089400000| Complete 
| 149|0x0000000089500000, 0x0000000089600000, 0x0000000089600000|100%| E|CS|TAMS 0x0000000089500000, 0x0000000089500000| Complete 
| 150|0x0000000089600000, 0x0000000089700000, 0x0000000089700000|100%| E|CS|TAMS 0x0000000089600000, 0x0000000089600000| Complete 
| 151|0x0000000089700000, 0x0000000089800000, 0x0000000089800000|100%| E|CS|TAMS 0x0000000089700000, 0x0000000089700000| Complete 
| 152|0x0000000089800000, 0x0000000089900000, 0x0000000089900000|100%| E|CS|TAMS 0x0000000089800000, 0x0000000089800000| Complete 
| 153|0x0000000089900000, 0x0000000089a00000, 0x0000000089a00000|100%| E|CS|TAMS 0x0000000089900000, 0x0000000089900000| Complete 
| 154|0x0000000089a00000, 0x0000000089b00000, 0x0000000089b00000|100%| E|CS|TAMS 0x0000000089a00000, 0x0000000089a00000| Complete 
| 155|0x0000000089b00000, 0x0000000089c00000, 0x0000000089c00000|100%| E|CS|TAMS 0x0000000089b00000, 0x0000000089b00000| Complete 
| 156|0x0000000089c00000, 0x0000000089d00000, 0x0000000089d00000|100%| E|CS|TAMS 0x0000000089c00000, 0x0000000089c00000| Complete 
| 157|0x0000000089d00000, 0x0000000089e00000, 0x0000000089e00000|100%| E|CS|TAMS 0x0000000089d00000, 0x0000000089d00000| Complete 
| 158|0x0000000089e00000, 0x0000000089f00000, 0x0000000089f00000|100%| E|CS|TAMS 0x0000000089e00000, 0x0000000089e00000| Complete 
| 159|0x0000000089f00000, 0x000000008a000000, 0x000000008a000000|100%| E|CS|TAMS 0x0000000089f00000, 0x0000000089f00000| Complete 

Card table byte_map: [0x0000015f9fd30000,0x0000015fa0130000] _byte_map_base: 0x0000015f9f930000

Marking Bits (Prev, Next): (CMBitMap*) 0x0000015f8cb4b528, (CMBitMap*) 0x0000015f8cb4b560
 Prev Bits: [0x0000015fa0530000, 0x0000015fa2530000)
 Next Bits: [0x0000015fa2530000, 0x0000015fa4530000)

Polling page: 0x0000015f8c2f0000

Metaspace:

Usage:
  Non-class:     76.93 MB capacity,    75.58 MB ( 98%) used,     1.11 MB (  1%) free+waste,   242.19 KB ( <1%) overhead. 
      Class:     11.86 MB capacity,    11.09 MB ( 93%) used,   682.91 KB (  6%) free+waste,   108.31 KB ( <1%) overhead. 
       Both:     88.79 MB capacity,    86.67 MB ( 98%) used,     1.78 MB (  2%) free+waste,   350.50 KB ( <1%) overhead. 

Virtual space:
  Non-class space:       78.00 MB reserved,      77.00 MB ( 99%) committed 
      Class space:        1.00 GB reserved,      11.95 MB (  1%) committed 
             Both:        1.08 GB reserved,      88.95 MB (  8%) committed 

Chunk freelists:
   Non-Class:  11.00 KB
       Class:  15.00 KB
        Both:  26.00 KB

MaxMetaspaceSize: 17179869184.00 GB
CompressedClassSpaceSize: 1.00 GB

CodeHeap 'non-profiled nmethods': size=120000Kb used=6479Kb max_used=6479Kb free=113520Kb
 bounds [0x0000015f980d0000, 0x0000015f98730000, 0x0000015f9f600000]
CodeHeap 'profiled nmethods': size=120000Kb used=23798Kb max_used=23798Kb free=96201Kb
 bounds [0x0000015f90ba0000, 0x0000015f922e0000, 0x0000015f980d0000]
CodeHeap 'non-nmethods': size=5760Kb used=2295Kb max_used=2356Kb free=3464Kb
 bounds [0x0000015f90600000, 0x0000015f90870000, 0x0000015f90ba0000]
 total_blobs=11942 nmethods=11041 adapters=812
 compilation: enabled
              stopped_count=0, restarted_count=0
 full_count=0

Compilation events (20 events):
Event: 28.298 Thread 0x0000015fa7821000 11153       3       org.objectweb.asm.SymbolTable::putBootstrapMethods (56 bytes)
Event: 28.298 Thread 0x0000015fa7821000 nmethod 11153 0x0000015f922c0790 code [0x0000015f922c09a0, 0x0000015f922c0c88]
Event: 28.298 Thread 0x0000015fa7821000 11149       1       com.google.common.collect.ComparisonChain$1::result (2 bytes)
Event: 28.298 Thread 0x0000015fa7821000 nmethod 11149 0x0000015f9871a190 code [0x0000015f9871a340, 0x0000015f9871a3f8]
Event: 28.298 Thread 0x0000015fa7821000 11154       1       org.gradle.internal.normalization.java.impl.InnerClassMember::getOuterName (5 bytes)
Event: 28.299 Thread 0x0000015fa7821000 nmethod 11154 0x0000015f9871a490 code [0x0000015f9871a640, 0x0000015f9871a6f8]
Event: 28.299 Thread 0x0000015fa7821000 11155       1       org.gradle.internal.normalization.java.impl.InnerClassMember::getInnerName (5 bytes)
Event: 28.299 Thread 0x0000015fa7821000 nmethod 11155 0x0000015f9871a790 code [0x0000015f9871a940, 0x0000015f9871a9f8]
Event: 28.299 Thread 0x0000015fa7821000 11160       1       org.gradle.api.internal.changedetection.state.ZipEntryContext::getEntry (5 bytes)
Event: 28.299 Thread 0x0000015fa7821000 nmethod 11160 0x0000015f9871aa90 code [0x0000015f9871ac40, 0x0000015f9871acf8]
Event: 28.299 Thread 0x0000015fa7821000 11161       1       org.gradle.api.internal.file.archive.impl.FileZipInput::access$100 (5 bytes)
Event: 28.299 Thread 0x0000015fa7821000 nmethod 11161 0x0000015f9871ad90 code [0x0000015f9871af40, 0x0000015f9871afd8]
Event: 28.299 Thread 0x0000015fa7821000 11162       1       org.gradle.internal.normalization.java.impl.ClassMember::getVersion (5 bytes)
Event: 28.299 Thread 0x0000015fa7821000 nmethod 11162 0x0000015f9871b090 code [0x0000015f9871b240, 0x0000015f9871b2f8]
Event: 28.299 Thread 0x0000015fa7821000 11163       1       org.gradle.internal.normalization.java.impl.ClassMember::getSuperName (5 bytes)
Event: 28.299 Thread 0x0000015fa7821000 nmethod 11163 0x0000015f9871b390 code [0x0000015f9871b540, 0x0000015f9871b5f8]
Event: 28.299 Thread 0x0000015fa7821000 11164       1       org.gradle.internal.normalization.java.impl.ApiMemberSelector::isPrivateInnerClass (5 bytes)
Event: 28.299 Thread 0x0000015fa7821000 nmethod 11164 0x0000015f9871b690 code [0x0000015f9871b840, 0x0000015f9871b8f8]
Event: 28.299 Thread 0x0000015fa7821000 11165       1       org.gradle.api.internal.changedetection.state.ZipEntryContext::getFullName (5 bytes)
Event: 28.299 Thread 0x0000015fa7821000 nmethod 11165 0x0000015f9871b990 code [0x0000015f9871bb40, 0x0000015f9871bbf8]

GC Heap History (20 events):
Event: 17.748 GC heap before
{Heap before GC invocations=12 (full 0):
 garbage-first heap   total 163840K, used 105654K [0x0000000080000000, 0x0000000100000000)
  region size 1024K, 62 young (63488K), 3 survivors (3072K)
 Metaspace       used 63268K, capacity 64848K, committed 64972K, reserved 1105920K
  class space    used 8059K, capacity 8625K, committed 8652K, reserved 1048576K
}
Event: 17.760 GC heap after
{Heap after GC invocations=13 (full 0):
 garbage-first heap   total 163840K, used 49776K [0x0000000080000000, 0x0000000100000000)
  region size 1024K, 7 young (7168K), 7 survivors (7168K)
 Metaspace       used 63268K, capacity 64848K, committed 64972K, reserved 1105920K
  class space    used 8059K, capacity 8625K, committed 8652K, reserved 1048576K
}
Event: 18.795 GC heap before
{Heap before GC invocations=14 (full 0):
 garbage-first heap   total 163840K, used 111216K [0x0000000080000000, 0x0000000100000000)
  region size 1024K, 67 young (68608K), 7 survivors (7168K)
 Metaspace       used 68986K, capacity 70701K, committed 70860K, reserved 1110016K
  class space    used 8943K, capacity 9541K, committed 9676K, reserved 1048576K
}
Event: 18.803 GC heap after
{Heap after GC invocations=15 (full 0):
 garbage-first heap   total 163840K, used 54301K [0x0000000080000000, 0x0000000100000000)
  region size 1024K, 5 young (5120K), 5 survivors (5120K)
 Metaspace       used 68986K, capacity 70701K, committed 70860K, reserved 1110016K
  class space    used 8943K, capacity 9541K, committed 9676K, reserved 1048576K
}
Event: 19.898 GC heap before
{Heap before GC invocations=15 (full 0):
 garbage-first heap   total 163840K, used 115741K [0x0000000080000000, 0x0000000100000000)
  region size 1024K, 65 young (66560K), 5 survivors (5120K)
 Metaspace       used 75635K, capacity 77498K, committed 77644K, reserved 1116160K
  class space    used 9855K, capacity 10506K, committed 10572K, reserved 1048576K
}
Event: 19.904 GC heap after
{Heap after GC invocations=16 (full 0):
 garbage-first heap   total 163840K, used 57566K [0x0000000080000000, 0x0000000100000000)
  region size 1024K, 8 young (8192K), 8 survivors (8192K)
 Metaspace       used 75635K, capacity 77498K, committed 77644K, reserved 1116160K
  class space    used 9855K, capacity 10506K, committed 10572K, reserved 1048576K
}
Event: 21.439 GC heap before
{Heap before GC invocations=16 (full 0):
 garbage-first heap   total 163840K, used 119006K [0x0000000080000000, 0x0000000100000000)
  region size 1024K, 69 young (70656K), 8 survivors (8192K)
 Metaspace       used 78472K, capacity 80470K, committed 80716K, reserved 1118208K
  class space    used 10280K, capacity 11026K, committed 11084K, reserved 1048576K
}
Event: 21.450 GC heap after
{Heap after GC invocations=17 (full 0):
 garbage-first heap   total 163840K, used 62633K [0x0000000080000000, 0x0000000100000000)
  region size 1024K, 9 young (9216K), 9 survivors (9216K)
 Metaspace       used 78472K, capacity 80470K, committed 80716K, reserved 1118208K
  class space    used 10280K, capacity 11026K, committed 11084K, reserved 1048576K
}
Event: 22.341 GC heap before
{Heap before GC invocations=17 (full 0):
 garbage-first heap   total 163840K, used 139433K [0x0000000080000000, 0x0000000100000000)
  region size 1024K, 68 young (69632K), 9 survivors (9216K)
 Metaspace       used 80900K, capacity 82905K, committed 83020K, reserved 1120256K
  class space    used 10512K, capacity 11256K, committed 11340K, reserved 1048576K
}
Event: 22.356 GC heap after
{Heap after GC invocations=18 (full 0):
 garbage-first heap   total 163840K, used 76018K [0x0000000080000000, 0x0000000100000000)
  region size 1024K, 9 young (9216K), 9 survivors (9216K)
 Metaspace       used 80900K, capacity 82905K, committed 83020K, reserved 1120256K
  class space    used 10512K, capacity 11256K, committed 11340K, reserved 1048576K
}
Event: 23.382 GC heap before
{Heap before GC invocations=18 (full 0):
 garbage-first heap   total 163840K, used 122098K [0x0000000080000000, 0x0000000100000000)
  region size 1024K, 55 young (56320K), 9 survivors (9216K)
 Metaspace       used 83262K, capacity 85376K, committed 85580K, reserved 1124352K
  class space    used 10728K, capacity 11519K, committed 11596K, reserved 1048576K
}
Event: 23.393 GC heap after
{Heap after GC invocations=19 (full 0):
 garbage-first heap   total 163840K, used 80018K [0x0000000080000000, 0x0000000100000000)
  region size 1024K, 4 young (4096K), 4 survivors (4096K)
 Metaspace       used 83262K, capacity 85376K, committed 85580K, reserved 1124352K
  class space    used 10728K, capacity 11519K, committed 11596K, reserved 1048576K
}
Event: 23.990 GC heap before
{Heap before GC invocations=19 (full 0):
 garbage-first heap   total 163840K, used 125074K [0x0000000080000000, 0x0000000100000000)
  region size 1024K, 49 young (50176K), 4 survivors (4096K)
 Metaspace       used 84583K, capacity 86741K, committed 86988K, reserved 1124352K
  class space    used 10885K, capacity 11697K, committed 11724K, reserved 1048576K
}
Event: 23.999 GC heap after
{Heap after GC invocations=20 (full 0):
 garbage-first heap   total 163840K, used 81324K [0x0000000080000000, 0x0000000100000000)
  region size 1024K, 5 young (5120K), 5 survivors (5120K)
 Metaspace       used 84583K, capacity 86741K, committed 86988K, reserved 1124352K
  class space    used 10885K, capacity 11697K, committed 11724K, reserved 1048576K
}
Event: 24.831 GC heap before
{Heap before GC invocations=21 (full 0):
 garbage-first heap   total 163840K, used 123308K [0x0000000080000000, 0x0000000100000000)
  region size 1024K, 51 young (52224K), 5 survivors (5120K)
 Metaspace       used 87476K, capacity 89582K, committed 89932K, reserved 1126400K
  class space    used 11217K, capacity 12000K, committed 12108K, reserved 1048576K
}
Event: 24.839 GC heap after
{Heap after GC invocations=22 (full 0):
 garbage-first heap   total 163840K, used 80379K [0x0000000080000000, 0x0000000100000000)
  region size 1024K, 6 young (6144K), 6 survivors (6144K)
 Metaspace       used 87476K, capacity 89582K, committed 89932K, reserved 1126400K
  class space    used 11217K, capacity 12000K, committed 12108K, reserved 1048576K
}
Event: 27.600 GC heap before
{Heap before GC invocations=22 (full 0):
 garbage-first heap   total 163840K, used 82427K [0x0000000080000000, 0x0000000100000000)
  region size 1024K, 8 young (8192K), 6 survivors (6144K)
 Metaspace       used 87824K, capacity 89953K, committed 90188K, reserved 1128448K
  class space    used 11260K, capacity 12039K, committed 12108K, reserved 1048576K
}
Event: 27.608 GC heap after
{Heap after GC invocations=23 (full 0):
 garbage-first heap   total 163840K, used 77705K [0x0000000080000000, 0x0000000100000000)
  region size 1024K, 1 young (1024K), 1 survivors (1024K)
 Metaspace       used 87824K, capacity 89953K, committed 90188K, reserved 1128448K
  class space    used 11260K, capacity 12039K, committed 12108K, reserved 1048576K
}
Event: 28.216 GC heap before
{Heap before GC invocations=23 (full 0):
 garbage-first heap   total 163840K, used 125833K [0x0000000080000000, 0x0000000100000000)
  region size 1024K, 49 young (50176K), 1 survivors (1024K)
 Metaspace       used 88639K, capacity 90755K, committed 91084K, reserved 1128448K
  class space    used 11344K, capacity 12112K, committed 12236K, reserved 1048576K
}
Event: 28.223 GC heap after
{Heap after GC invocations=24 (full 0):
 garbage-first heap   total 163840K, used 80242K [0x0000000080000000, 0x0000000100000000)
  region size 1024K, 4 young (4096K), 4 survivors (4096K)
 Metaspace       used 88639K, capacity 90755K, committed 91084K, reserved 1128448K
  class space    used 11344K, capacity 12112K, committed 12236K, reserved 1048576K
}

Deoptimization events (20 events):
Event: 28.203 Thread 0x0000015fadb9a800 Uncommon trap: trap_request=0xffffffde fr.pc=0x0000015f98713e50 relative=0x0000000000000670
Event: 28.203 Thread 0x0000015fadb9a800 Uncommon trap: reason=class_check action=maybe_recompile pc=0x0000015f98713e50 method=org.gradle.internal.normalization.java.impl.TypedMember.compare(Lorg/gradle/internal/normalization/java/impl/TypedMember;)Lcom/google/common/collect/ComparisonChain; @ 3
Event: 28.203 Thread 0x0000015fadb9a800 DEOPT PACKING pc=0x0000015f98713e50 sp=0x0000005d5f1fb5f0
Event: 28.203 Thread 0x0000015fadb9a800 DEOPT UNPACKING pc=0x0000015f906278af sp=0x0000005d5f1fb5a0 mode 2
Event: 28.203 Thread 0x0000015fadb9a800 Uncommon trap: trap_request=0xffffffde fr.pc=0x0000015f98713e50 relative=0x0000000000000670
Event: 28.203 Thread 0x0000015fadb9a800 Uncommon trap: reason=class_check action=maybe_recompile pc=0x0000015f98713e50 method=org.gradle.internal.normalization.java.impl.TypedMember.compare(Lorg/gradle/internal/normalization/java/impl/TypedMember;)Lcom/google/common/collect/ComparisonChain; @ 3
Event: 28.203 Thread 0x0000015fadb9a800 DEOPT PACKING pc=0x0000015f98713e50 sp=0x0000005d5f1fb610
Event: 28.203 Thread 0x0000015fadb9a800 DEOPT UNPACKING pc=0x0000015f906278af sp=0x0000005d5f1fb5d0 mode 2
Event: 28.204 Thread 0x0000015fadb9a800 Uncommon trap: trap_request=0xffffffde fr.pc=0x0000015f98713e50 relative=0x0000000000000670
Event: 28.204 Thread 0x0000015fadb9a800 Uncommon trap: reason=class_check action=maybe_recompile pc=0x0000015f98713e50 method=org.gradle.internal.normalization.java.impl.TypedMember.compare(Lorg/gradle/internal/normalization/java/impl/TypedMember;)Lcom/google/common/collect/ComparisonChain; @ 3
Event: 28.204 Thread 0x0000015fadb9a800 DEOPT PACKING pc=0x0000015f98713e50 sp=0x0000005d5f1fb5f0
Event: 28.204 Thread 0x0000015fadb9a800 DEOPT UNPACKING pc=0x0000015f906278af sp=0x0000005d5f1fb5a0 mode 2
Event: 28.212 Thread 0x0000015fadb9a800 Uncommon trap: trap_request=0xffffff4d fr.pc=0x0000015f98715cd4 relative=0x0000000000000874
Event: 28.212 Thread 0x0000015fadb9a800 Uncommon trap: reason=unstable_if action=reinterpret pc=0x0000015f98715cd4 method=com.google.common.collect.ComparisonChain$1.classify(I)Lcom/google/common/collect/ComparisonChain; @ 1 c2
Event: 28.212 Thread 0x0000015fadb9a800 DEOPT PACKING pc=0x0000015f98715cd4 sp=0x0000005d5f1fb510
Event: 28.212 Thread 0x0000015fadb9a800 DEOPT UNPACKING pc=0x0000015f906278af sp=0x0000005d5f1fb2c0 mode 2
Event: 28.212 Thread 0x0000015fadb9a800 Uncommon trap: trap_request=0xffffff4d fr.pc=0x0000015f98714bf0 relative=0x0000000000000690
Event: 28.212 Thread 0x0000015fadb9a800 Uncommon trap: reason=unstable_if action=reinterpret pc=0x0000015f98714bf0 method=com.google.common.collect.ComparisonChain$1.classify(I)Lcom/google/common/collect/ComparisonChain; @ 1 c2
Event: 28.212 Thread 0x0000015fadb9a800 DEOPT PACKING pc=0x0000015f98714bf0 sp=0x0000005d5f1fb490
Event: 28.212 Thread 0x0000015fadb9a800 DEOPT UNPACKING pc=0x0000015f906278af sp=0x0000005d5f1fb2a8 mode 2

Classes redefined (0 events):
No events

Internal exceptions (20 events):
Event: 22.668 Thread 0x0000015fa8e2b800 Exception <a 'java/lang/NoSuchMethodError'{0x00000000888c04d8}: 'void java.lang.invoke.DirectMethodHandle$Holder.invokeStatic(java.lang.Object, java.lang.Object, java.lang.Object, java.lang.Object, java.lang.Object, java.lang.Object, java.lang.Object)'> (0x00000000888c04d8) thrown at [./src/hotspot/share/interpreter/linkResolver.cpp, line 773]
Event: 22.890 Thread 0x0000015fadb9a800 Exception <a 'java/lang/NoSuchMethodError'{0x0000000087e0a168}: 'int java.lang.invoke.DirectMethodHandle$Holder.invokeSpecial(java.lang.Object, java.lang.Object, java.lang.Object, java.lang.Object, java.lang.Object)'> (0x0000000087e0a168) thrown at [./src/hotspot/share/interpreter/linkResolver.cpp, line 773]
Event: 23.630 Thread 0x0000015fadb9a800 Exception <a 'java/lang/NoSuchMethodError'{0x000000008943dac8}: <clinit>> (0x000000008943dac8) thrown at [./src/hotspot/share/prims/jni.cpp, line 1362]
Event: 23.630 Thread 0x0000015fadb9a800 Exception <a 'java/lang/NoSuchMethodError'{0x000000008943ede8}: <clinit>> (0x000000008943ede8) thrown at [./src/hotspot/share/prims/jni.cpp, line 1362]
Event: 23.630 Thread 0x0000015fadb9a800 Exception <a 'java/lang/NoSuchMethodError'{0x00000000894417e8}: <clinit>> (0x00000000894417e8) thrown at [./src/hotspot/share/prims/jni.cpp, line 1362]
Event: 23.632 Thread 0x0000015fadb9a800 Exception <a 'java/lang/NoSuchMethodError'{0x000000008945af30}: <clinit>> (0x000000008945af30) thrown at [./src/hotspot/share/prims/jni.cpp, line 1362]
Event: 23.632 Thread 0x0000015fadb9a800 Exception <a 'java/lang/NoSuchMethodError'{0x000000008945c410}: <clinit>> (0x000000008945c410) thrown at [./src/hotspot/share/prims/jni.cpp, line 1362]
Event: 23.718 Thread 0x0000015fadb9a800 Exception <a 'java/lang/NoSuchMethodError'{0x00000000892472d8}: <clinit>> (0x00000000892472d8) thrown at [./src/hotspot/share/prims/jni.cpp, line 1362]
Event: 23.722 Thread 0x0000015fadb9a800 Exception <a 'java/lang/NoSuchMethodError'{0x0000000089276fb8}: <clinit>> (0x0000000089276fb8) thrown at [./src/hotspot/share/prims/jni.cpp, line 1362]
Event: 23.723 Thread 0x0000015fadb9a800 Exception <a 'java/lang/NoSuchMethodError'{0x000000008928a050}: <clinit>> (0x000000008928a050) thrown at [./src/hotspot/share/prims/jni.cpp, line 1362]
Event: 24.604 Thread 0x0000015fadb9c000 Exception <a 'java/lang/NoSuchMethodError'{0x00000000873fec78}: 'void java.lang.invoke.DirectMethodHandle$Holder.invokeStatic(java.lang.Object, long)'> (0x00000000873fec78) thrown at [./src/hotspot/share/interpreter/linkResolver.cpp, line 773]
Event: 24.605 Thread 0x0000015fadb9c000 Exception <a 'java/lang/NoSuchMethodError'{0x0000000087104398}: 'java.lang.Object java.lang.invoke.DirectMethodHandle$Holder.invokeStatic(java.lang.Object, long)'> (0x0000000087104398) thrown at [./src/hotspot/share/interpreter/linkResolver.cpp, line 773]
Event: 24.607 Thread 0x0000015fadb9c000 Exception <a 'java/lang/NoSuchMethodError'{0x0000000087112700}: 'java.lang.Object java.lang.invoke.DirectMethodHandle$Holder.invokeStaticInit(java.lang.Object, java.lang.Object, long, java.lang.Object)'> (0x0000000087112700) thrown at [./src/hotspot/share/interpreter/linkResolver.cpp, line 773]
Event: 24.607 Thread 0x0000015fadb9c000 Exception <a 'java/lang/NoSuchMethodError'{0x0000000087118898}: 'java.lang.Object java.lang.invoke.DirectMethodHandle$Holder.invokeStatic(java.lang.Object, java.lang.Object, long)'> (0x0000000087118898) thrown at [./src/hotspot/share/interpreter/linkResolver.cpp, line 773]
Event: 24.608 Thread 0x0000015fadb9c000 Exception <a 'java/lang/NoSuchMethodError'{0x000000008711f060}: 'java.lang.Object java.lang.invoke.Invokers$Holder.linkToTargetMethod(java.lang.Object, long, java.lang.Object)'> (0x000000008711f060) thrown at [./src/hotspot/share/interpreter/linkResolver.cpp, line 773]
Event: 24.855 Thread 0x0000015fadb9c000 Exception <a 'java/lang/NoSuchMethodError'{0x0000000089f70b50}: 'int java.lang.invoke.DirectMethodHandle$Holder.invokeSpecialIFC(java.lang.Object, java.lang.Object, java.lang.Object)'> (0x0000000089f70b50) thrown at [./src/hotspot/share/interpreter/linkResolver.cpp, line 773]
Event: 27.911 Thread 0x0000015fadb9c000 Exception <a 'sun/nio/fs/WindowsException'{0x0000000088a682c8}> (0x0000000088a682c8) thrown at [./src/hotspot/share/prims/jni.cpp, line 615]
Event: 27.911 Thread 0x0000015fadb9c000 Exception <a 'sun/nio/fs/WindowsException'{0x0000000088a683b0}> (0x0000000088a683b0) thrown at [./src/hotspot/share/prims/jni.cpp, line 615]
Event: 27.993 Thread 0x0000015fadb9c000 Implicit null exception at 0x0000015f986ef978 to 0x0000015f986efaf0
Event: 27.993 Thread 0x0000015fadb9c000 Implicit null exception at 0x0000015f986eee5f to 0x0000015f986eefb4

Events (20 events):
Event: 28.186 loading class com/google/common/collect/Ordering$ArbitraryOrderingHolder
Event: 28.186 loading class com/google/common/collect/Ordering$ArbitraryOrderingHolder done
Event: 28.186 loading class com/google/common/collect/Ordering$ArbitraryOrdering
Event: 28.186 loading class com/google/common/collect/Ordering$ArbitraryOrdering done
Event: 28.187 loading class com/google/common/collect/MapMakerInternalMap$WeakKeyStrongValueEntry$Helper
Event: 28.187 loading class com/google/common/collect/MapMakerInternalMap$WeakKeyStrongValueEntry$Helper done
Event: 28.187 loading class com/google/common/collect/MapMakerInternalMap$WeakKeyStrongValueSegment
Event: 28.187 loading class com/google/common/collect/MapMakerInternalMap$WeakKeyStrongValueSegment done
Event: 28.188 loading class org/gradle/internal/normalization/java/impl/MethodMember
Event: 28.188 loading class org/gradle/internal/normalization/java/impl/MethodMember done
Event: 28.189 loading class org/gradle/internal/normalization/java/impl/AnnotationMember
Event: 28.189 loading class org/gradle/internal/normalization/java/impl/AnnotationMember done
Event: 28.190 loading class org/gradle/internal/normalization/java/impl/ParameterAnnotationMember
Event: 28.190 loading class org/gradle/internal/normalization/java/impl/ParameterAnnotationMember done
Event: 28.191 loading class org/gradle/internal/hash/HashCode
Event: 28.191 loading class org/gradle/internal/hash/HashCode done
Event: 28.191 loading class org/gradle/internal/hash/HashCode
Event: 28.191 loading class org/gradle/internal/hash/HashCode done
Event: 28.216 Executing VM operation: G1CollectForAllocation
Event: 28.223 Executing VM operation: G1CollectForAllocation done


Dynamic libraries:
0x00007ff706040000 - 0x00007ff70604a000 	C:\Program Files\Android\Android Studio\jre\bin\java.exe
0x00007fffc6750000 - 0x00007fffc6945000 	C:\WINDOWS\SYSTEM32\ntdll.dll
0x00007fffc5c60000 - 0x00007fffc5d1e000 	C:\WINDOWS\System32\KERNEL32.DLL
0x00007fffc3f50000 - 0x00007fffc4218000 	C:\WINDOWS\System32\KERNELBASE.dll
0x00007fffc4500000 - 0x00007fffc4600000 	C:\WINDOWS\System32\ucrtbase.dll
0x00007fffb1fc0000 - 0x00007fffb1fd9000 	C:\Program Files\Android\Android Studio\jre\bin\jli.dll
0x00007fffb1c90000 - 0x00007fffb1ca7000 	C:\Program Files\Android\Android Studio\jre\bin\VCRUNTIME140.dll
0x00007fffc5570000 - 0x00007fffc5711000 	C:\WINDOWS\System32\USER32.dll
0x00007fffc4600000 - 0x00007fffc4622000 	C:\WINDOWS\System32\win32u.dll
0x00007fffa4da0000 - 0x00007fffa503a000 	C:\WINDOWS\WinSxS\amd64_microsoft.windows.common-controls_6595b64144ccf1df_6.0.19041.1110_none_60b5254171f9507e\COMCTL32.dll
0x00007fffc5e80000 - 0x00007fffc5eab000 	C:\WINDOWS\System32\GDI32.dll
0x00007fffc4630000 - 0x00007fffc473d000 	C:\WINDOWS\System32\gdi32full.dll
0x00007fffc4fd0000 - 0x00007fffc506e000 	C:\WINDOWS\System32\msvcrt.dll
0x00007fffc4220000 - 0x00007fffc42bd000 	C:\WINDOWS\System32\msvcp_win.dll
0x00007fffc5f10000 - 0x00007fffc5f40000 	C:\WINDOWS\System32\IMM32.DLL
0x00007fffb18a0000 - 0x00007fffb193d000 	C:\Program Files\Android\Android Studio\jre\bin\msvcp140.dll
0x00007fff7adb0000 - 0x00007fff7b87f000 	C:\Program Files\Android\Android Studio\jre\bin\server\jvm.dll
0x00007fffc5720000 - 0x00007fffc57cc000 	C:\WINDOWS\System32\ADVAPI32.dll
0x00007fffc5350000 - 0x00007fffc53eb000 	C:\WINDOWS\System32\sechost.dll
0x00007fffc5860000 - 0x00007fffc598a000 	C:\WINDOWS\System32\RPCRT4.dll
0x00007fffc5e70000 - 0x00007fffc5e78000 	C:\WINDOWS\System32\PSAPI.DLL
0x00007fffba390000 - 0x00007fffba39a000 	C:\WINDOWS\SYSTEM32\VERSION.dll
0x00007fffb8300000 - 0x00007fffb8327000 	C:\WINDOWS\SYSTEM32\WINMM.dll
0x00007fffbe960000 - 0x00007fffbe969000 	C:\WINDOWS\SYSTEM32\WSOCK32.dll
0x00007fffc5a50000 - 0x00007fffc5abb000 	C:\WINDOWS\System32\ws2_32.DLL
0x00007fffc1d50000 - 0x00007fffc1d62000 	C:\WINDOWS\SYSTEM32\kernel.appcore.dll
0x00007fffbc7b0000 - 0x00007fffbc7c1000 	C:\Program Files\Android\Android Studio\jre\bin\verify.dll
0x00007fffb8670000 - 0x00007fffb8854000 	C:\WINDOWS\SYSTEM32\DBGHELP.DLL
0x00007fffb8640000 - 0x00007fffb866c000 	C:\WINDOWS\SYSTEM32\dbgcore.DLL
0x00007fffc3e60000 - 0x00007fffc3ee2000 	C:\WINDOWS\System32\bcryptPrimitives.dll
0x00007fffb6660000 - 0x00007fffb6689000 	C:\Program Files\Android\Android Studio\jre\bin\java.dll
0x00007fffbe5b0000 - 0x00007fffbe5bb000 	C:\Program Files\Android\Android Studio\jre\bin\jimage.dll
0x00007fffbb4e0000 - 0x00007fffbb4f8000 	C:\Program Files\Android\Android Studio\jre\bin\zip.dll
0x00007fffc5fc0000 - 0x00007fffc6704000 	C:\WINDOWS\System32\SHELL32.dll
0x00007fffc1f50000 - 0x00007fffc26e4000 	C:\WINDOWS\SYSTEM32\windows.storage.dll
0x00007fffc47f0000 - 0x00007fffc4b45000 	C:\WINDOWS\System32\combase.dll
0x00007fffc37e0000 - 0x00007fffc380e000 	C:\WINDOWS\SYSTEM32\Wldp.dll
0x00007fffc54c0000 - 0x00007fffc556d000 	C:\WINDOWS\System32\SHCORE.dll
0x00007fffc5eb0000 - 0x00007fffc5f05000 	C:\WINDOWS\System32\shlwapi.dll
0x00007fffc3da0000 - 0x00007fffc3dbf000 	C:\WINDOWS\SYSTEM32\profapi.dll
0x00007fffb6a30000 - 0x00007fffb6a4a000 	C:\Program Files\Android\Android Studio\jre\bin\net.dll
0x00007fffb72e0000 - 0x00007fffb73ec000 	C:\WINDOWS\SYSTEM32\WINHTTP.dll
0x00007fffc3540000 - 0x00007fffc35aa000 	C:\WINDOWS\system32\mswsock.dll
0x00007fffb6640000 - 0x00007fffb6654000 	C:\Program Files\Android\Android Studio\jre\bin\nio.dll
0x00007fffb6990000 - 0x00007fffb69b7000 	C:\Users\FPTSHOP\.gradle\native\8bec1ad78214c89d9ad589b4d07fe93259594b29d510b10fafb7a158f7737e5d\windows-amd64\native-platform.dll
0x00007fffa3da0000 - 0x00007fffa3edd000 	C:\Users\FPTSHOP\.gradle\native\53dbd7edfb1c66fb8903c78663c9afc45aea4f116125fa6feffd364cf09443e8\windows-amd64\native-platform-file-events.dll
0x00007fffbe570000 - 0x00007fffbe57a000 	C:\Program Files\Android\Android Studio\jre\bin\management.dll
0x00007fffbd200000 - 0x00007fffbd20c000 	C:\Program Files\Android\Android Studio\jre\bin\management_ext.dll
0x00007fffc3740000 - 0x00007fffc3758000 	C:\WINDOWS\SYSTEM32\CRYPTSP.dll
0x00007fffc2ec0000 - 0x00007fffc2ef4000 	C:\WINDOWS\system32\rsaenh.dll
0x00007fffc42c0000 - 0x00007fffc42e7000 	C:\WINDOWS\System32\bcrypt.dll
0x00007fffc3d20000 - 0x00007fffc3d4e000 	C:\WINDOWS\SYSTEM32\USERENV.dll
0x00007fffc3730000 - 0x00007fffc373c000 	C:\WINDOWS\SYSTEM32\CRYPTBASE.dll
0x00007fffc3230000 - 0x00007fffc326b000 	C:\WINDOWS\SYSTEM32\IPHLPAPI.DLL
0x00007fffc5e60000 - 0x00007fffc5e68000 	C:\WINDOWS\System32\NSI.dll
0x00007fffba330000 - 0x00007fffba347000 	C:\WINDOWS\SYSTEM32\dhcpcsvc6.DLL
0x00007fffbb380000 - 0x00007fffbb39d000 	C:\WINDOWS\SYSTEM32\dhcpcsvc.DLL
0x00007fffc3270000 - 0x00007fffc333b000 	C:\WINDOWS\SYSTEM32\DNSAPI.dll

dbghelp: loaded successfully - version: 4.0.5 - missing functions: none
symbol engine: initialized successfully - sym options: 0x614 - pdb path: .;C:\Program Files\Android\Android Studio\jre\bin;C:\WINDOWS\SYSTEM32;C:\WINDOWS\WinSxS\amd64_microsoft.windows.common-controls_6595b64144ccf1df_6.0.19041.1110_none_60b5254171f9507e;C:\Program Files\Android\Android Studio\jre\bin\server;C:\Users\FPTSHOP\.gradle\native\8bec1ad78214c89d9ad589b4d07fe93259594b29d510b10fafb7a158f7737e5d\windows-amd64;C:\Users\FPTSHOP\.gradle\native\53dbd7edfb1c66fb8903c78663c9afc45aea4f116125fa6feffd364cf09443e8\windows-amd64

VM Arguments:
jvm_args: --add-opens=java.base/java.util=ALL-UNNAMED --add-opens=java.base/java.lang=ALL-UNNAMED --add-opens=java.base/java.lang.invoke=ALL-UNNAMED --add-opens=java.base/java.util=ALL-UNNAMED --add-opens=java.prefs/java.util.prefs=ALL-UNNAMED --add-opens=java.prefs/java.util.prefs=ALL-UNNAMED --add-opens=java.base/java.nio.charset=ALL-UNNAMED --add-opens=java.base/java.net=ALL-UNNAMED --add-opens=java.base/java.util.concurrent.atomic=ALL-UNNAMED -Xmx2048m -Dfile.encoding=UTF-8 -Duser.country=US -Duser.language=en -Duser.variant 
java_command: org.gradle.launcher.daemon.bootstrap.GradleDaemon 7.0.2
java_class_path (initial): C:\Users\FPTSHOP\.gradle\wrapper\dists\gradle-7.0.2-bin\857tjihv64xamwrf0h14cai3r\gradle-7.0.2\lib\gradle-launcher-7.0.2.jar
Launcher Type: SUN_STANDARD

[Global flags]
     intx CICompilerCount                          = 4                                         {product} {ergonomic}
     uint ConcGCThreads                            = 2                                         {product} {ergonomic}
     uint G1ConcRefinementThreads                  = 8                                         {product} {ergonomic}
   size_t G1HeapRegionSize                         = 1048576                                   {product} {ergonomic}
    uintx GCDrainStackTargetSize                   = 64                                        {product} {ergonomic}
   size_t InitialHeapSize                          = 167772160                                 {product} {ergonomic}
   size_t MarkStackSize                            = 4194304                                   {product} {ergonomic}
   size_t MaxHeapSize                              = 2147483648                                {product} {command line}
   size_t MaxNewSize                               = 1287651328                                {product} {ergonomic}
   size_t MinHeapDeltaBytes                        = 1048576                                   {product} {ergonomic}
    uintx NonNMethodCodeHeapSize                   = 5836300                                {pd product} {ergonomic}
    uintx NonProfiledCodeHeapSize                  = 122910970                              {pd product} {ergonomic}
    uintx ProfiledCodeHeapSize                     = 122910970                              {pd product} {ergonomic}
    uintx ReservedCodeCacheSize                    = 251658240                              {pd product} {ergonomic}
     bool SegmentedCodeCache                       = true                                      {product} {ergonomic}
     bool UseCompressedClassPointers               = true                                 {lp64_product} {ergonomic}
     bool UseCompressedOops                        = true                                 {lp64_product} {ergonomic}
     bool UseG1GC                                  = true                                      {product} {ergonomic}
     bool UseLargePagesIndividualAllocation        = false                                  {pd product} {ergonomic}

Logging:
Log output configuration:
 #0: stdout all=warning uptime,level,tags
 #1: stderr all=off uptime,level,tags

Environment Variables:
PATH=C:\Program Files\Common Files\Oracle\Java\javapath;C:\Program Files (x86)\Common Files\Intel\Shared Libraries\redist\intel64\compiler;C:\Program Files\Microsoft MPI\Bin\;C:\WINDOWS\system32;C:\WINDOWS;C:\WINDOWS\System32\Wbem;C:\WINDOWS\System32\WindowsPowerShell\v1.0\;C:\WINDOWS\System32\OpenSSH\;C:\Program Files\dotnet\;C:\Program Files\Microsoft SQL Server\Client SDK\ODBC\170\Tools\Binn\;C:\Program Files (x86)\IBM\SPSS\Statistics\25\JRE\bin;C:\Program Files (x86)\Microsoft SQL Server\150\Tools\Binn\;C:\Program Files\Microsoft SQL Server\150\Tools\Binn\;C:\Program Files (x86)\Microsoft SQL Server\150\DTS\Binn\;C:\Program Files\Microsoft SQL Server\150\DTS\Binn\;C:\Program Files\Azure Data Studio\bin;D:\UEL\20212022\HKI\PhatTrienTMDD\Git\cmd;C:\Users\FPTSHOP\AppData\Local\Programs\Python\Python38-32\Scripts\;C:\Users\FPTSHOP\AppData\Local\Programs\Python\Python38-32\;C:\Users\FPTSHOP\AppData\Local\Microsoft\WindowsApps;C:\Program Files\Azure Data Studio\bin;C:\Users\FPTSHOP\AppData\Local\GitHubDesktop\bin;D:\Download\DOWNLOAD HKII 2020-2021\Microsoft VS Code\bin
USERNAME=FPTSHOP
OS=Windows_NT
PROCESSOR_IDENTIFIER=AMD64 Family 23 Model 24 Stepping 1, AuthenticAMD



---------------  S Y S T E M  ---------------

OS: Windows 10 , 64 bit Build 19041 (10.0.19041.1348)
OS uptime: 6 days 11:06 hours

CPU:total 8 (initial active 8) (8 cores per cpu, 2 threads per core) family 23 model 24 stepping 1 microcode 0x0, cmov, cx8, fxsr, mmx, sse, sse2, sse3, ssse3, sse4.1, sse4.2, popcnt, avx, avx2, aes, clmul, mmxext, 3dnowpref, lzcnt, sse4a, ht, tsc, tscinvbit, tscinv, bmi1, bmi2, adx, s

Memory: 4k page, system-wide physical 10178M (459M free)
TotalPageFile size 16178M (AvailPageFile size 3M)
current process WorkingSet (physical memory assigned to process): 412M, peak: 427M
current process commit charge ("private bytes"): 451M, peak: 466M

vm_info: OpenJDK 64-Bit Server VM (11.0.10+0-b96-7249189) for windows-amd64 JRE (11.0.10+0-b96-7249189), built on Mar 31 2021 21:44:00 by "builder" with MS VC++ 14.0 (VS2015)

END.
